<?xml version="1.0" encoding="UTF-8"?>
<testng-results skipped="0" failed="0" ignored="0" total="2" passed="2">
  <reporter-output>
  </reporter-output>
  <suite name="Suite" duration-ms="33364" started-at="2020-04-05T12:54:28 IST" finished-at="2020-04-05T12:55:02 IST">
    <groups>
    </groups>
    <test name="Test1" duration-ms="18404" started-at="2020-04-05T12:54:28 IST" finished-at="2020-04-05T12:54:47 IST">
      <class name="com.erp.customer_script.CreateCustomer">
        <test-method status="PASS" signature="openBrowser()[pri:0, instance:com.erp.customer_script.CreateCustomer@56235b8e]" name="openBrowser" is-config="true" duration-ms="13554" started-at="2020-04-05T12:54:28 IST" finished-at="2020-04-05T12:54:42 IST">
          <reporter-output>
          </reporter-output>
        </test-method> <!-- openBrowser -->
        <test-method status="PASS" signature="testlogin()[pri:0, instance:com.erp.customer_script.CreateCustomer@56235b8e]" name="testlogin" is-config="true" duration-ms="339" started-at="2020-04-05T12:54:42 IST" finished-at="2020-04-05T12:54:42 IST">
          <reporter-output>
          </reporter-output>
        </test-method> <!-- testlogin -->
        <test-method status="PASS" signature="testcreateCustomer()[pri:0, instance:com.erp.customer_script.CreateCustomer@56235b8e]" name="testcreateCustomer" duration-ms="3989" started-at="2020-04-05T12:54:42 IST" finished-at="2020-04-05T12:54:46 IST">
          <reporter-output>
          </reporter-output>
        </test-method> <!-- testcreateCustomer -->
        <test-method status="PASS" signature="testLogout()[pri:0, instance:com.erp.customer_script.CreateCustomer@56235b8e]" name="testLogout" is-config="true" duration-ms="343" started-at="2020-04-05T12:54:46 IST" finished-at="2020-04-05T12:54:47 IST">
          <reporter-output>
          </reporter-output>
        </test-method> <!-- testLogout -->
        <test-method status="PASS" signature="closeBrowser()[pri:0, instance:com.erp.customer_script.CreateCustomer@56235b8e]" name="closeBrowser" is-config="true" duration-ms="110" started-at="2020-04-05T12:54:47 IST" finished-at="2020-04-05T12:54:47 IST">
          <reporter-output>
          </reporter-output>
        </test-method> <!-- closeBrowser -->
      </class> <!-- com.erp.customer_script.CreateCustomer -->
    </test> <!-- Test1 -->
    <test name="Test2" duration-ms="14910" started-at="2020-04-05T12:54:47 IST" finished-at="2020-04-05T12:55:02 IST">
      <class name="com.erp.project_script.CreateProject">
        <test-method status="PASS" signature="openBrowser()[pri:0, instance:com.erp.project_script.CreateProject@67b92f0a]" name="openBrowser" is-config="true" duration-ms="10403" started-at="2020-04-05T12:54:47 IST" finished-at="2020-04-05T12:54:57 IST">
          <reporter-output>
          </reporter-output>
        </test-method> <!-- openBrowser -->
        <test-method status="PASS" signature="testlogin()[pri:0, instance:com.erp.project_script.CreateProject@67b92f0a]" name="testlogin" is-config="true" duration-ms="501" started-at="2020-04-05T12:54:57 IST" finished-at="2020-04-05T12:54:58 IST">
          <reporter-output>
          </reporter-output>
        </test-method> <!-- testlogin -->
        <test-method status="PASS" signature="testCreateProject()[pri:0, instance:com.erp.project_script.CreateProject@67b92f0a]" name="testCreateProject" duration-ms="3668" started-at="2020-04-05T12:54:58 IST" finished-at="2020-04-05T12:55:01 IST">
          <reporter-output>
          </reporter-output>
        </test-method> <!-- testCreateProject -->
        <test-method status="PASS" signature="testLogout()[pri:0, instance:com.erp.project_script.CreateProject@67b92f0a]" name="testLogout" is-config="true" duration-ms="205" started-at="2020-04-05T12:55:01 IST" finished-at="2020-04-05T12:55:02 IST">
          <reporter-output>
          </reporter-output>
        </test-method> <!-- testLogout -->
        <test-method status="PASS" signature="closeBrowser()[pri:0, instance:com.erp.project_script.CreateProject@67b92f0a]" name="closeBrowser" is-config="true" duration-ms="129" started-at="2020-04-05T12:55:02 IST" finished-at="2020-04-05T12:55:02 IST">
          <reporter-output>
          </reporter-output>
        </test-method> <!-- closeBrowser -->
      </class> <!-- com.erp.project_script.CreateProject -->
    </test> <!-- Test2 -->
  </suite> <!-- Suite -->
</testng-results>
